<?xml version="1.0" encoding="UTF-8"?>
<!-- Generated by org.testng.reporters.JUnitReportReporter -->
<testsuite hostname="DESKTOP-VTOKQ5D" failures="0" tests="1" name="logout.Logout3" time="0.001" errors="0" timestamp="2023-03-01T21:45:54 EST" skipped="0">
  <testcase classname="logout.Logout3" name="logout3Test" time="0.001"/>
  <system-out/>
</testsuite> <!-- logout.Logout3 -->
