<?xml version="1.0" encoding="UTF-8"?>
<!-- Generated by org.testng.reporters.JUnitReportReporter -->
<testsuite hostname="DESKTOP-VTOKQ5D" failures="0" tests="2" name="Automation_code_jan_10th_2023.Windows" time="58.851" errors="0" timestamp="2023-02-21T19:53:00 EST" skipped="0">
  <testcase classname="Automation_code_jan_10th_2023.Windows" name="openTabs" time="31.149"/>
  <system-out/>
  <testcase classname="Automation_code_jan_10th_2023.Windows" name="openTabs" time="27.702"/>
  <system-out/>
</testsuite> <!-- Automation_code_jan_10th_2023.Windows -->
