<?xml version="1.0" encoding="UTF-8"?>
<!-- Generated by org.testng.reporters.JUnitReportReporter -->
<testsuite hostname="DESKTOP-VTOKQ5D" failures="0" tests="1" name="Automation_code_jan_10th_2023.screenshot" time="16.354" errors="0" timestamp="2023-02-15T21:58:00 EST" skipped="0">
  <testcase classname="Automation_code_jan_10th_2023.screenshot" name="Ssreenshot" time="16.354"/>
  <system-out/>
</testsuite> <!-- Automation_code_jan_10th_2023.screenshot -->
