<?xml version="1.0" encoding="UTF-8"?>
<!-- Generated by org.testng.reporters.JUnitReportReporter -->
<testsuite hostname="DESKTOP-VTOKQ5D" failures="0" tests="1" name="softassert_VS_hardassert.Hardassert" time="17.055" errors="0" timestamp="2023-02-07T21:50:19 EST" skipped="0">
  <testcase classname="softassert_VS_hardassert.Hardassert" name="login" time="17.055"/>
  <system-out/>
</testsuite> <!-- softassert_VS_hardassert.Hardassert -->
