<?xml version="1.0" encoding="UTF-8"?>
<!-- Generated by org.testng.reporters.JUnitReportReporter -->
<testsuite hostname="DESKTOP-VTOKQ5D" failures="0" tests="4" name="Automation_code_jan_10th_2023.Data_Provider" time="35.489" errors="0" timestamp="2023-02-22T19:15:50 EST" skipped="0">
  <testcase classname="Automation_code_jan_10th_2023.Data_Provider" name="logintoRediff" time="8.997"/>
  <system-out/>
  <testcase classname="Automation_code_jan_10th_2023.Data_Provider" name="logintoRediff" time="10.127"/>
  <system-out/>
  <testcase classname="Automation_code_jan_10th_2023.Data_Provider" name="logintoRediff" time="8.786"/>
  <system-out/>
  <testcase classname="Automation_code_jan_10th_2023.Data_Provider" name="logintoRediff" time="7.579"/>
  <system-out/>
</testsuite> <!-- Automation_code_jan_10th_2023.Data_Provider -->
