<?xml version="1.0" encoding="UTF-8"?>
<!-- Generated by org.testng.reporters.JUnitReportReporter -->
<testsuite hostname="DESKTOP-VTOKQ5D" failures="0" tests="1" name="Automation_code_jan_10th_2023.Exam" time="24.110" errors="0" timestamp="2023-02-14T19:55:56 EST" skipped="0">
  <testcase classname="Automation_code_jan_10th_2023.Exam" name="login" time="24.110"/>
  <system-out/>
</testsuite> <!-- Automation_code_jan_10th_2023.Exam -->
