<?xml version="1.0" encoding="UTF-8"?>
<!-- Generated by org.testng.reporters.JUnitReportReporter -->
<testsuite hostname="DESKTOP-VTOKQ5D" failures="0" tests="1" name="login.Login1" time="0.005" errors="0" timestamp="2023-03-22T19:02:09 EDT" skipped="0">
  <testcase classname="login.Login1" name="login1Test" time="0.005"/>
  <system-out/>
</testsuite> <!-- login.Login1 -->
