<?xml version="1.0" encoding="UTF-8"?>
<!-- Generated by org.testng.reporters.JUnitReportReporter -->
<testsuite hostname="DESKTOP-VTOKQ5D" failures="0" tests="1" name="testng_suite.Flipkart" time="0.002" errors="0" timestamp="2023-02-07T19:15:15 EST" skipped="0">
  <testcase classname="testng_suite.Flipkart" name="flipkart" time="0.002"/>
  <system-out/>
</testsuite> <!-- testng_suite.Flipkart -->
