<?xml version="1.0" encoding="UTF-8"?>
<!-- Generated by org.testng.reporters.JUnitReportReporter -->
<testsuite hostname="DESKTOP-VTOKQ5D" failures="0" tests="2" name="Automation_code_jan_10th_2023.Annotations" time="0.019" errors="0" timestamp="2023-01-31T21:46:54 EST" skipped="0">
  <testcase classname="Automation_code_jan_10th_2023.Annotations" name="testCase1" time="0.011"/>
  <system-out/>
  <testcase classname="Automation_code_jan_10th_2023.Annotations" name="testCase2" time="0.008"/>
  <system-out/>
</testsuite> <!-- Automation_code_jan_10th_2023.Annotations -->
