<?xml version="1.0" encoding="UTF-8"?>
<!-- Generated by org.testng.reporters.JUnitReportReporter -->
<testsuite hostname="DESKTOP-VTOKQ5D" failures="0" tests="1" name="Automation_code_jan_10th_2023.rediff_recording" time="27.000" errors="0" timestamp="2023-02-15T23:01:42 EST" skipped="0">
  <testcase classname="Automation_code_jan_10th_2023.rediff_recording" name="enterCredentialsTest" time="27.000"/>
  <system-out/>
</testsuite> <!-- Automation_code_jan_10th_2023.rediff_recording -->
