<?xml version="1.0" encoding="UTF-8"?>
<!-- Generated by org.testng.reporters.JUnitReportReporter -->
<testsuite hostname="DESKTOP-VTOKQ5D" failures="0" tests="1" name="login.Login3" time="0.003" errors="0" timestamp="2023-03-22T19:02:09 EDT" skipped="0">
  <testcase classname="login.Login3" name="login3Test" time="0.003"/>
  <system-out/>
</testsuite> <!-- login.Login3 -->
