<?xml version="1.0" encoding="UTF-8"?>
<!-- Generated by org.testng.reporters.JUnitReportReporter -->
<testsuite hostname="DESKTOP-VTOKQ5D" failures="0" tests="1" name="testng_suite.Walmart" time="0.005" errors="0" timestamp="2023-02-07T19:15:15 EST" skipped="0">
  <testcase classname="testng_suite.Walmart" name="walmart" time="0.005"/>
  <system-out/>
</testsuite> <!-- testng_suite.Walmart -->
