<?xml version="1.0" encoding="UTF-8"?>
<!-- Generated by org.testng.reporters.JUnitReportReporter -->
<testsuite hostname="DESKTOP-VTOKQ5D" failures="0" tests="1" name="register.Register4" time="0.001" errors="0" timestamp="2023-03-01T21:45:54 EST" skipped="0">
  <testcase classname="register.Register4" name="register1Test" time="0.001"/>
  <system-out/>
</testsuite> <!-- register.Register4 -->
