<?xml version="1.0" encoding="UTF-8"?>
<!-- Generated by org.testng.reporters.JUnitReportReporter -->
<testsuite skipped="0" hostname="DESKTOP-VTOKQ5D" name="login.Login1" tests="1" failures="0" timestamp="22 Mar 2023 23:00:14 GMT" time="0.001" errors="0">
  <testcase name="login1Test" time="0.001" classname="login.Login1"/>
</testsuite> <!-- login.Login1 -->
