<?xml version="1.0" encoding="UTF-8"?>
<!-- Generated by org.testng.reporters.JUnitReportReporter -->
<testsuite skipped="0" hostname="DESKTOP-VTOKQ5D" name="rediff_soft_hard_assertions.Soft_assert" tests="4" failures="0" timestamp="22 Mar 2023 23:22:41 GMT" time="121.384" errors="0">
  <testcase name="validateLogOutPageTest" time="40.248" classname="rediff_soft_hard_assertions.Soft_assert"/>
  <testcase name="enterCredentialsTest" time="22.746" classname="rediff_soft_hard_assertions.Soft_assert"/>
  <testcase name="clickOnLoginTest" time="22.573" classname="rediff_soft_hard_assertions.Soft_assert"/>
  <testcase name="logOutTest" time="35.817" classname="rediff_soft_hard_assertions.Soft_assert"/>
</testsuite> <!-- rediff_soft_hard_assertions.Soft_assert -->
